<?xml version="1.0" encoding="UTF-8"?>
<testng-results skipped="0" failed="0" total="0" passed="0">
  <reporter-output>
  </reporter-output>
  <suite name="RestAssured Test Suite" duration-ms="5" started-at="2017-10-04T08:38:30Z" finished-at="2017-10-04T08:38:30Z">
    <groups>
    </groups>
    <test name="Default test" duration-ms="5" started-at="2017-10-04T08:38:30Z" finished-at="2017-10-04T08:38:30Z">
    </test> <!-- Default test -->
  </suite> <!-- RestAssured Test Suite -->
</testng-results>
